Build started 9/4/2016 3:06:07 PM.
     1>Project "C:\Users\Kendra\Documents\4th Year RIT\NumericalAnalysis\NumericalAnalysis\NumericalAnalysis\NumericalAnalysis.vcxproj" on node 2 (Build target(s)).
     1>ClCompile:
         C:\Program Files (x86)\Microsoft Visual Studio 12.0\VC\bin\CL.exe /c /ZI /nologo /W3 /WX- /sdl /Od /Oy- /D WIN32 /D _DEBUG /D _CONSOLE /D _LIB /D _UNICODE /D UNICODE /Gm /EHsc /RTC1 /MDd /GS /fp:precise /Zc:wchar_t /Zc:forScope /Yu"stdafx.h" /Fp"Debug\NumericalAnalysis.pch" /Fo"Debug\\" /Fd"Debug\vc120.pdb" /Gd /TP /analyze- /errorReport:prompt ..\..\BreakMath.cpp
         BreakMath.cpp
     1>c:\users\kendra\documents\4th year rit\numericalanalysis\breakmath.cpp(1): warning C4627: '#include "math.h"': skipped when looking for precompiled header use
                 Add directive to 'stdafx.h' or rebuild precompiled header
     1>c:\users\kendra\documents\4th year rit\numericalanalysis\breakmath.cpp(3): warning C4627: '#include <fstream>': skipped when looking for precompiled header use
                 Add directive to 'stdafx.h' or rebuild precompiled header
     1>c:\users\kendra\documents\4th year rit\numericalanalysis\breakmath.cpp(4): warning C4627: '#include <iostream>': skipped when looking for precompiled header use
                 Add directive to 'stdafx.h' or rebuild precompiled header
     1>c:\users\kendra\documents\4th year rit\numericalanalysis\breakmath.cpp(5): warning C4627: '#include <iomanip>': skipped when looking for precompiled header use
                 Add directive to 'stdafx.h' or rebuild precompiled header
     1>c:\users\kendra\documents\4th year rit\numericalanalysis\breakmath.cpp(21): fatal error C1010: unexpected end of file while looking for precompiled header. Did you forget to add '#include "stdafx.h"' to your source?
     1>Done Building Project "C:\Users\Kendra\Documents\4th Year RIT\NumericalAnalysis\NumericalAnalysis\NumericalAnalysis\NumericalAnalysis.vcxproj" (Build target(s)) -- FAILED.

Build FAILED.

Time Elapsed 00:00:00.16
